<?xml version="1.0" encoding="UTF-8"?>
<!-- Generated by org.testng.reporters.JUnitXMLReporter -->
<testsuite hostname="AADWIVED-IN" ignored="0" name="Aconex Test Cases" tests="2" failures="0" timestamp="2020-11-11T17:23:42 IST" time="164.579" errors="0">
  <testcase name="sendMailTest" time="67.919" classname="com.oracle.aconex.qa.testcases.SendMailTest"/>
  <testcase name="uploadTest" time="55.956" classname="com.oracle.aconex.qa.testcases.UploadTest"/>
</testsuite> <!-- Aconex Test Cases -->
